This is pdfTeX, Version 3.14159265-2.6-1.40.15 (TeX Live 2014) (preloaded format=pdflatex 2015.2.24)  14 OCT 2015 16:57
entering extended mode
 restricted \write18 enabled.
 file:line:error style messages enabled.
 %&-line parsing enabled.
**defs.tex
(./defs.tex
LaTeX2e <2014/05/01>
Babel <3.9k> and hyphenation patterns for 78 languages loaded.

./defs.tex:1: LaTeX Error: \usepackage before \documentclass.

See the LaTeX manual or LaTeX Companion for explanation.
Type  H <return>  for immediate help.
 ...                                              
                                                  
l.1 \usepackage{
                tikz}
? 

./defs.tex:2: LaTeX Error: \usepackage before \documentclass.

See the LaTeX manual or LaTeX Companion for explanation.
Type  H <return>  for immediate help.
 ...                                              
                                                  
l.2 \usepackage{
                calc}
? 

./defs.tex:3: LaTeX Error: \usepackage before \documentclass.

See the LaTeX manual or LaTeX Companion for explanation.
Type  H <return>  for immediate help.
 ...                                              
                                                  
l.3 \usepackage{
                booktabs}
? 
./defs.tex:7: Undefined control sequence.
l.7 \definecolor
                {color1}{HTML}{000060}
? 

./defs.tex:7: LaTeX Error: Missing \begin{document}.

See the LaTeX manual or LaTeX Companion for explanation.
Type  H <return>  for immediate help.
 ...                                              
                                                  
l.7 \definecolor{c
                  olor1}{HTML}{000060}
? 
Missing character: There is no c in font nullfont!
Missing character: There is no o in font nullfont!
Missing character: There is no l in font nullfont!
Missing character: There is no o in font nullfont!
Missing character: There is no r in font nullfont!
Missing character: There is no 1 in font nullfont!
Missing character: There is no H in font nullfont!
Missing character: There is no T in font nullfont!
Missing character: There is no M in font nullfont!
Missing character: There is no L in font nullfont!
Missing character: There is no 0 in font nullfont!
Missing character: There is no 0 in font nullfont!
Missing character: There is no 0 in font nullfont!
Missing character: There is no 0 in font nullfont!
Missing character: There is no 6 in font nullfont!
Missing character: There is no 0 in font nullfont!
./defs.tex:9: Undefined control sequence.
l.9 \definecolor
                {color2}{HTML}{333333}
? 
Missing character: There is no c in font nullfont!
Missing character: There is no o in font nullfont!
Missing character: There is no l in font nullfont!
Missing character: There is no o in font nullfont!
Missing character: There is no r in font nullfont!
Missing character: There is no 2 in font nullfont!
Missing character: There is no H in font nullfont!
Missing character: There is no T in font nullfont!
Missing character: There is no M in font nullfont!
Missing character: There is no L in font nullfont!
Missing character: There is no 3 in font nullfont!
Missing character: There is no 3 in font nullfont!
Missing character: There is no 3 in font nullfont!
Missing character: There is no 3 in font nullfont!
Missing character: There is no 3 in font nullfont!
Missing character: There is no 3 in font nullfont!

Overfull \hbox (20.0pt too wide) in paragraph at lines 7--10
[]
 []


./defs.tex:13: LaTeX Error: \usepackage before \documentclass.

See the LaTeX manual or LaTeX Companion for explanation.
Type  H <return>  for immediate help.
 ...                                              
                                                  
l.13 \usepackage{
                 fontspec}
? 
./defs.tex:14: Undefined control sequence.
l.14 \defaultfontfeatures
                         {Mapping=tex-text}
? 

./defs.tex:14: LaTeX Error: Missing \begin{document}.

See the LaTeX manual or LaTeX Companion for explanation.
Type  H <return>  for immediate help.
 ...                                              
                                                  
l.14 \defaultfontfeatures{M
                           apping=tex-text}
? 
Missing character: There is no M in font nullfont!
Missing character: There is no a in font nullfont!
Missing character: There is no p in font nullfont!
Missing character: There is no p in font nullfont!
Missing character: There is no i in font nullfont!
Missing character: There is no n in font nullfont!
Missing character: There is no g in font nullfont!
Missing character: There is no = in font nullfont!
Missing character: There is no t in font nullfont!
Missing character: There is no e in font nullfont!
Missing character: There is no x in font nullfont!
Missing character: There is no - in font nullfont!
Missing character: There is no t in font nullfont!
Missing character: There is no e in font nullfont!
Missing character: There is no x in font nullfont!
Missing character: There is no t in font nullfont!
./defs.tex:15: Undefined control sequence.
l.15 \setmainfont
                 
? 
Missing character: There is no [ in font nullfont!
Missing character: There is no B in font nullfont!
Missing character: There is no o in font nullfont!
Missing character: There is no l in font nullfont!
Missing character: There is no d in font nullfont!
Missing character: There is no F in font nullfont!
Missing character: There is no o in font nullfont!
Missing character: There is no n in font nullfont!
Missing character: There is no t in font nullfont!
Missing character: There is no = in font nullfont!
Missing character: There is no L in font nullfont!
Missing character: There is no a in font nullfont!
Missing character: There is no t in font nullfont!
Missing character: There is no o in font nullfont!
Missing character: There is no - in font nullfont!
Missing character: There is no B in font nullfont!
Missing character: There is no o in font nullfont!
Missing character: There is no l in font nullfont!
Missing character: There is no d in font nullfont!
Missing character: There is no . in font nullfont!
Missing character: There is no t in font nullfont!
Missing character: There is no t in font nullfont!
Missing character: There is no f in font nullfont!
Missing character: There is no , in font nullfont!
Missing character: There is no I in font nullfont!
Missing character: There is no t in font nullfont!
Missing character: There is no a in font nullfont!
Missing character: There is no l in font nullfont!
Missing character: There is no i in font nullfont!
Missing character: There is no c in font nullfont!
Missing character: There is no F in font nullfont!
Missing character: There is no o in font nullfont!
Missing character: There is no n in font nullfont!
Missing character: There is no t in font nullfont!
Missing character: There is no = in font nullfont!
Missing character: There is no L in font nullfont!
Missing character: There is no a in font nullfont!
Missing character: There is no t in font nullfont!
Missing character: There is no o in font nullfont!
Missing character: There is no - in font nullfont!
Missing character: There is no I in font nullfont!
Missing character: There is no t in font nullfont!
Missing character: There is no a in font nullfont!
Missing character: There is no l in font nullfont!
Missing character: There is no i in font nullfont!
Missing character: There is no c in font nullfont!
Missing character: There is no . in font nullfont!
Missing character: There is no t in font nullfont!
Missing character: There is no t in font nullfont!
Missing character: There is no f in font nullfont!
Missing character: There is no , in font nullfont!
Missing character: There is no B in font nullfont!
Missing character: There is no o in font nullfont!
Missing character: There is no l in font nullfont!
Missing character: There is no d in font nullfont!
Missing character: There is no I in font nullfont!
Missing character: There is no t in font nullfont!
Missing character: There is no a in font nullfont!
Missing character: There is no l in font nullfont!
Missing character: There is no i in font nullfont!
Missing character: There is no c in font nullfont!
Missing character: There is no F in font nullfont!
Missing character: There is no o in font nullfont!
Missing character: There is no n in font nullfont!
Missing character: There is no t in font nullfont!
Missing character: There is no = in font nullfont!
Missing character: There is no L in font nullfont!
Missing character: There is no a in font nullfont!
Missing character: There is no t in font nullfont!
Missing character: There is no o in font nullfont!
Missing character: There is no - in font nullfont!
Missing character: There is no B in font nullfont!
Missing character: There is no o in font nullfont!
Missing character: There is no l in font nullfont!
Missing character: There is no d in font nullfont!
Missing character: There is no I in font nullfont!
Missing character: There is no t in font nullfont!
Missing character: There is no a in font nullfont!
Missing character: There is no l in font nullfont!
Missing character: There is no i in font nullfont!
Missing character: There is no c in font nullfont!
Missing character: There is no . in font nullfont!
Missing character: There is no t in font nullfont!
Missing character: There is no t in font nullfont!
Missing character: There is no f in font nullfont!
Missing character: There is no ] in font nullfont!
Missing character: There is no L in font nullfont!
Missing character: There is no a in font nullfont!
Missing character: There is no t in font nullfont!
Missing character: There is no o in font nullfont!
Missing character: There is no - in font nullfont!
Missing character: There is no R in font nullfont!
Missing character: There is no e in font nullfont!
Missing character: There is no g in font nullfont!
Missing character: There is no u in font nullfont!
Missing character: There is no l in font nullfont!
Missing character: There is no a in font nullfont!
Missing character: There is no r in font nullfont!
Missing character: There is no . in font nullfont!
Missing character: There is no t in font nullfont!
Missing character: There is no t in font nullfont!
Missing character: There is no f in font nullfont!
./defs.tex:20: Undefined control sequence.
l.20 \newfontfamily
                   \headingfont[ItalicFont=Lato-BlackItalic.ttf]{Lato-Black....

? 
./defs.tex:20: Undefined control sequence.
l.20 \newfontfamily\headingfont
                               [ItalicFont=Lato-BlackItalic.ttf]{Lato-Black....

? 
Missing character: There is no [ in font nullfont!
Missing character: There is no I in font nullfont!
Missing character: There is no t in font nullfont!
Missing character: There is no a in font nullfont!
Missing character: There is no l in font nullfont!
Missing character: There is no i in font nullfont!
Missing character: There is no c in font nullfont!
Missing character: There is no F in font nullfont!
Missing character: There is no o in font nullfont!
Missing character: There is no n in font nullfont!
Missing character: There is no t in font nullfont!
Missing character: There is no = in font nullfont!
Missing character: There is no L in font nullfont!
Missing character: There is no a in font nullfont!
Missing character: There is no t in font nullfont!
Missing character: There is no o in font nullfont!
Missing character: There is no - in font nullfont!
Missing character: There is no B in font nullfont!
Missing character: There is no l in font nullfont!
Missing character: There is no a in font nullfont!
Missing character: There is no c in font nullfont!
Missing character: There is no k in font nullfont!
Missing character: There is no I in font nullfont!
Missing character: There is no t in font nullfont!
Missing character: There is no a in font nullfont!
Missing character: There is no l in font nullfont!
Missing character: There is no i in font nullfont!
Missing character: There is no c in font nullfont!
Missing character: There is no . in font nullfont!
Missing character: There is no t in font nullfont!
Missing character: There is no t in font nullfont!
Missing character: There is no f in font nullfont!
Missing character: There is no ] in font nullfont!
Missing character: There is no L in font nullfont!
Missing character: There is no a in font nullfont!
Missing character: There is no t in font nullfont!
Missing character: There is no o in font nullfont!
Missing character: There is no - in font nullfont!
Missing character: There is no B in font nullfont!
Missing character: There is no l in font nullfont!
Missing character: There is no a in font nullfont!
Missing character: There is no c in font nullfont!
Missing character: There is no k in font nullfont!
Missing character: There is no . in font nullfont!
Missing character: There is no t in font nullfont!
Missing character: There is no t in font nullfont!
Missing character: There is no f in font nullfont!

Overfull \hbox (20.0pt too wide) in paragraph at lines 14--22
[]
 []


./defs.tex:23: LaTeX Error: \usepackage before \documentclass.

See the LaTeX manual or LaTeX Companion for explanation.
Type  H <return>  for immediate help.
 ...                                              
                                                  
l.23 \usepackage{
                 geometry}
? 
./defs.tex:24: Undefined control sequence.
l.24 \geometry
              {a4paper,
? 

./defs.tex:24: LaTeX Error: Missing \begin{document}.

See the LaTeX manual or LaTeX Companion for explanation.
Type  H <return>  for immediate help.
 ...                                              
                                                  
l.24 \geometry{a
                4paper,
? 
Missing character: There is no a in font nullfont!
Missing character: There is no 4 in font nullfont!
Missing character: There is no p in font nullfont!
Missing character: There is no a in font nullfont!
Missing character: There is no p in font nullfont!
Missing character: There is no e in font nullfont!
Missing character: There is no r in font nullfont!
Missing character: There is no , in font nullfont!
Missing character: There is no h in font nullfont!
Missing character: There is no m in font nullfont!
Missing character: There is no a in font nullfont!
Missing character: There is no r in font nullfont!
Missing character: There is no g in font nullfont!
Missing character: There is no i in font nullfont!
Missing character: There is no n in font nullfont!
Missing character: There is no = in font nullfont!
Missing character: There is no 2 in font nullfont!
Missing character: There is no 0 in font nullfont!
Missing character: There is no m in font nullfont!
Missing character: There is no m in font nullfont!
Missing character: There is no , in font nullfont!
Missing character: There is no v in font nullfont!
Missing character: There is no m in font nullfont!
Missing character: There is no a in font nullfont!
Missing character: There is no r in font nullfont!
Missing character: There is no g in font nullfont!
Missing character: There is no i in font nullfont!
Missing character: There is no n in font nullfont!
Missing character: There is no = in font nullfont!
Missing character: There is no 2 in font nullfont!
Missing character: There is no 0 in font nullfont!
Missing character: There is no m in font nullfont!
Missing character: There is no m in font nullfont!
Missing character: There is no , in font nullfont!
Missing character: There is no h in font nullfont!
Missing character: There is no e in font nullfont!
Missing character: There is no a in font nullfont!
Missing character: There is no d in font nullfont!
Missing character: There is no = in font nullfont!
Missing character: There is no 0 in font nullfont!
Missing character: There is no e in font nullfont!
Missing character: There is no x in font nullfont!
Missing character: There is no , in font nullfont!
Missing character: There is no f in font nullfont!
Missing character: There is no o in font nullfont!
Missing character: There is no o in font nullfont!
Missing character: There is no t in font nullfont!
Missing character: There is no = in font nullfont!
Missing character: There is no 3 in font nullfont!
Missing character: There is no e in font nullfont!
Missing character: There is no x in font nullfont!

Overfull \hbox (20.0pt too wide) in paragraph at lines 24--27
[]
 []


./defs.tex:30: LaTeX Error: \usepackage before \documentclass.

See the LaTeX manual or LaTeX Companion for explanation.
Type  H <return>  for immediate help.
 ...                                              
                                                  
l.30 \usepackage[hang]{
                       caption}
? 
./defs.tex:31: Undefined control sequence.
l.31 \DeclareCaptionFormat
                          {upper}{#1#2\uppercase{#3}\par}
? 

./defs.tex:31: LaTeX Error: Missing \begin{document}.

See the LaTeX manual or LaTeX Companion for explanation.
Type  H <return>  for immediate help.
 ...                                              
                                                  
l.31 \DeclareCaptionFormat{u
                            pper}{#1#2\uppercase{#3}\par}
? 
Missing character: There is no u in font nullfont!
Missing character: There is no p in font nullfont!
Missing character: There is no p in font nullfont!
Missing character: There is no e in font nullfont!
Missing character: There is no r in font nullfont!
./defs.tex:31: You can't use `macro parameter character #' in horizontal mode.
l.31 \DeclareCaptionFormat{upper}{#
                                   1#2\uppercase{#3}\par}
? 
Missing character: There is no 1 in font nullfont!
./defs.tex:31: You can't use `macro parameter character #' in horizontal mode.
l.31 \DeclareCaptionFormat{upper}{#1#
                                     2\uppercase{#3}\par}
? 
Missing character: There is no 2 in font nullfont!
./defs.tex:31: You can't use `macro parameter character #' in horizontal mode.
<to be read again> ##
                     3
l.31 ...areCaptionFormat{upper}{#1#2\uppercase{#3}
                                                  \par}
? 
Missing character: There is no 3 in font nullfont!

Overfull \hbox (20.0pt too wide) in paragraph at lines 31--31
[] 
 []

./defs.tex:32: Undefined control sequence.
l.32 \captionsetup
                  {labelfont={bf,color=color2},textfont={normalsize,color=co...

? 

./defs.tex:32: LaTeX Error: Missing \begin{document}.

See the LaTeX manual or LaTeX Companion for explanation.
Type  H <return>  for immediate help.
 ...                                              
                                                  
l.32 \captionsetup{l
                    abelfont={bf,color=color2},textfont={normalsize,color=co...

? 
Missing character: There is no l in font nullfont!
Missing character: There is no a in font nullfont!
Missing character: There is no b in font nullfont!
Missing character: There is no e in font nullfont!
Missing character: There is no l in font nullfont!
Missing character: There is no f in font nullfont!
Missing character: There is no o in font nullfont!
Missing character: There is no n in font nullfont!
Missing character: There is no t in font nullfont!
Missing character: There is no = in font nullfont!
Missing character: There is no b in font nullfont!
Missing character: There is no f in font nullfont!
Missing character: There is no , in font nullfont!
Missing character: There is no c in font nullfont!
Missing character: There is no o in font nullfont!
Missing character: There is no l in font nullfont!
Missing character: There is no o in font nullfont!
Missing character: There is no r in font nullfont!
Missing character: There is no = in font nullfont!
Missing character: There is no c in font nullfont!
Missing character: There is no o in font nullfont!
Missing character: There is no l in font nullfont!
Missing character: There is no o in font nullfont!
Missing character: There is no r in font nullfont!
Missing character: There is no 2 in font nullfont!
Missing character: There is no , in font nullfont!
Missing character: There is no t in font nullfont!
Missing character: There is no e in font nullfont!
Missing character: There is no x in font nullfont!
Missing character: There is no t in font nullfont!
Missing character: There is no f in font nullfont!
Missing character: There is no o in font nullfont!
Missing character: There is no n in font nullfont!
Missing character: There is no t in font nullfont!
Missing character: There is no = in font nullfont!
Missing character: There is no n in font nullfont!
Missing character: There is no o in font nullfont!
Missing character: There is no r in font nullfont!
Missing character: There is no m in font nullfont!
Missing character: There is no a in font nullfont!
Missing character: There is no l in font nullfont!
Missing character: There is no s in font nullfont!
Missing character: There is no i in font nullfont!
Missing character: There is no z in font nullfont!
Missing character: There is no e in font nullfont!
Missing character: There is no , in font nullfont!
Missing character: There is no c in font nullfont!
Missing character: There is no o in font nullfont!
Missing character: There is no l in font nullfont!
Missing character: There is no o in font nullfont!
Missing character: There is no r in font nullfont!
Missing character: There is no = in font nullfont!
Missing character: There is no c in font nullfont!
Missing character: There is no o in font nullfont!
Missing character: There is no l in font nullfont!
Missing character: There is no o in font nullfont!
Missing character: There is no r in font nullfont!
Missing character: There is no 2 in font nullfont!
Missing character: There is no , in font nullfont!
Missing character: There is no f in font nullfont!
Missing character: There is no o in font nullfont!
Missing character: There is no r in font nullfont!
Missing character: There is no m in font nullfont!
Missing character: There is no a in font nullfont!
Missing character: There is no t in font nullfont!
Missing character: There is no = in font nullfont!
Missing character: There is no u in font nullfont!
Missing character: There is no p in font nullfont!
Missing character: There is no p in font nullfont!
Missing character: There is no e in font nullfont!
Missing character: There is no r in font nullfont!
Missing character: There is no , in font nullfont!
Missing character: There is no f in font nullfont!
Missing character: There is no i in font nullfont!
Missing character: There is no g in font nullfont!
Missing character: There is no u in font nullfont!
Missing character: There is no r in font nullfont!
Missing character: There is no e in font nullfont!
Missing character: There is no n in font nullfont!
Missing character: There is no a in font nullfont!
Missing character: There is no m in font nullfont!
Missing character: There is no e in font nullfont!
Missing character: There is no = in font nullfont!
Missing character: There is no F in font nullfont!
Missing character: There is no I in font nullfont!
Missing character: There is no G in font nullfont!
Missing character: There is no U in font nullfont!
Missing character: There is no R in font nullfont!
Missing character: There is no E in font nullfont!
Missing character: There is no , in font nullfont!
Missing character: There is no t in font nullfont!
Missing character: There is no a in font nullfont!
Missing character: There is no b in font nullfont!
Missing character: There is no l in font nullfont!
Missing character: There is no e in font nullfont!
Missing character: There is no n in font nullfont!
Missing character: There is no a in font nullfont!
Missing character: There is no m in font nullfont!
Missing character: There is no e in font nullfont!
Missing character: There is no = in font nullfont!
Missing character: There is no T in font nullfont!
Missing character: There is no A in font nullfont!
Missing character: There is no B in font nullfont!
Missing character: There is no L in font nullfont!
Missing character: There is no E in font nullfont!

Overfull \hbox (20.0pt too wide) in paragraph at lines 32--33
[]
 []


./defs.tex:35: LaTeX Error: \usepackage before \documentclass.

See the LaTeX manual or LaTeX Companion for explanation.
Type  H <return>  for immediate help.
 ...                                              
                                                  
l.35 \usepackage{
                 titlesec}
? 
./defs.tex:37: Undefined control sequence.
l.37 \titleformat
                 {\section}{\color{color1}\headingfont\Large\bfseries\upperc...

? 
./defs.tex:37: Undefined control sequence.
l.37 \titleformat{\section
                          }{\color{color1}\headingfont\Large\bfseries\upperc...

? 
./defs.tex:37: Undefined control sequence.
l.37 \titleformat{\section}{\color
                                  {color1}\headingfont\Large\bfseries\upperc...

? 

./defs.tex:37: LaTeX Error: Missing \begin{document}.

See the LaTeX manual or LaTeX Companion for explanation.
Type  H <return>  for immediate help.
 ...                                              
                                                  
l.37 \titleformat{\section}{\color{c
                                    olor1}\headingfont\Large\bfseries\upperc...

? 
Missing character: There is no c in font nullfont!
Missing character: There is no o in font nullfont!
Missing character: There is no l in font nullfont!
Missing character: There is no o in font nullfont!
Missing character: There is no r in font nullfont!
Missing character: There is no 1 in font nullfont!
./defs.tex:37: Undefined control sequence.
l.37 ...ormat{\section}{\color{color1}\headingfont
                                                  \Large\bfseries\uppercase}...

? 
./defs.tex:37: Undefined control sequence.
l.37 ...\section}{\color{color1}\headingfont\Large
                                                  \bfseries\uppercase}{\thes...

? 
./defs.tex:37: Missing { inserted.
<to be read again> 
                   }
l.37 ...or1}\headingfont\Large\bfseries\uppercase}
                                                  {\thesection}{1em}{}[\titl...

? 
./defs.tex:37: Undefined control sequence.
l.37 ...font\Large\bfseries\uppercase}{\thesection
                                                  }{1em}{}[\titlerule]
? 
./defs.tex:37: Undefined control sequence.
l.37 ...\uppercase}{\thesection}{1em}{}[\titlerule
                                                  ]
? 
./defs.tex:38: Undefined control sequence.
l.38 \titleformat
                 {\subsection}{\color{color1}\headingfont\large\bfseries\upp...

? 
./defs.tex:38: Undefined control sequence.
l.38 \titleformat{\subsection
                             }{\color{color1}\headingfont\large\bfseries\upp...

? 
./defs.tex:38: Undefined control sequence.
l.38 \titleformat{\subsection}{\color
                                     {color1}\headingfont\large\bfseries\upp...

? 
./defs.tex:38: Undefined control sequence.
l.38 ...at{\subsection}{\color{color1}\headingfont
                                                  \large\bfseries\uppercase}...

? 
./defs.tex:38: Undefined control sequence.
l.38 ...bsection}{\color{color1}\headingfont\large
                                                  \bfseries\uppercase}{\thes...

? 
./defs.tex:38: Missing { inserted.
<to be read again> 
                   }
l.38 ...or1}\headingfont\large\bfseries\uppercase}
                                                  {\thesubsection}{1em}{}
? 
./defs.tex:38: Undefined control sequence.
l.38 ...t\large\bfseries\uppercase}{\thesubsection
                                                  }{1em}{}
? 
./defs.tex:39: Undefined control sequence.
l.39 \titleformat
                 {\subsubsection}{\color{color1}\headingfont\bfseries\upperc...

? 
./defs.tex:39: Undefined control sequence.
l.39 \titleformat{\subsubsection
                                }{\color{color1}\headingfont\bfseries\upperc...

? 
./defs.tex:39: Undefined control sequence.
l.39 \titleformat{\subsubsection}{\color
                                        {color1}\headingfont\bfseries\upperc...

? 
./defs.tex:39: Undefined control sequence.
l.39 ...\subsubsection}{\color{color1}\headingfont
                                                  \bfseries\uppercase}{\thes...

? 
./defs.tex:39: Missing { inserted.
<to be read again> 
                   }
l.39 ...or{color1}\headingfont\bfseries\uppercase}
                                                  {\thesubsubsection}{1em}{}
? 
./defs.tex:39: Undefined control sequence.
l.39 ...font\bfseries\uppercase}{\thesubsubsection
                                                  }{1em}{}
? 

Overfull \hbox (46.99292pt too wide) in paragraph at lines 37--41
[]\OT1/cmr/bx/n/10 1em[]
 []


Overfull \hbox (50.89558pt too wide) in paragraph at lines 37--41
\OT1/cmr/bx/n/10 color11em
 []


Overfull \hbox (50.89558pt too wide) in paragraph at lines 37--41
\OT1/cmr/bx/n/10 color11em 
 []


./defs.tex:43: LaTeX Error: \usepackage before \documentclass.

See the LaTeX manual or LaTeX Companion for explanation.
Type  H <return>  for immediate help.
 ...                                              
                                                  
l.43 \usepackage{
                 fancyhdr}
? 
./defs.tex:44: Undefined control sequence.
<argument> \undefinedpagestyle 
                               
l.44 \pagestyle{fancy}
                      
? 
./defs.tex:45: Undefined control sequence.
l.45 \lhead
           {}
? 
./defs.tex:46: Undefined control sequence.
l.46 \chead
           {}
? 
./defs.tex:48: Undefined control sequence.
l.48 \rhead
           {\color{color2}\@date}
? 
./defs.tex:48: Undefined control sequence.
l.48 \rhead{\color
                  {color2}\@date}
? 

./defs.tex:48: LaTeX Error: Missing \begin{document}.

See the LaTeX manual or LaTeX Companion for explanation.
Type  H <return>  for immediate help.
 ...                                              
                                                  
l.48 \rhead{\color{c
                    olor2}\@date}
? 
./defs.tex:48: Undefined control sequence.
\@date ->\today 
                
l.48 \rhead{\color{color2}\@date
                                }
? 
\myheight=\skip41
./defs.tex:51: Undefined control sequence.
l.51 \lfoot
           {
? 
./defs.tex:52: Undefined control sequence.
<argument> \thepage 
                    
l.52 \settoheight{\myheight}{\thepage}
                                      
? 
./defs.tex:53: Undefined control sequence.
<argument> \includegraphics 
                            [height=4ex]{logo}
l.53 ...eight}{\includegraphics[height=4ex]{logo}}
                                                  
? 
./defs.tex:53: Missing number, treated as zero.
<to be read again> 
                   \relax 
l.53 ...eight}{\includegraphics[height=4ex]{logo}}
                                                  
? 
./defs.tex:53: Illegal unit of measure (pt inserted).
<to be read again> 
                   \relax 
l.53 ...eight}{\includegraphics[height=4ex]{logo}}
                                                  
? 
./defs.tex:55: Undefined control sequence.
l.55 \cfoot
           {\color{color2}El pensamiento computacional en la escuela}
? 
./defs.tex:55: Undefined control sequence.
l.55 \cfoot{\color
                  {color2}El pensamiento computacional en la escuela}
? 
./defs.tex:56: Undefined control sequence.
l.56 \rfoot
           {\color{color2}\thepage}
? 
./defs.tex:56: Undefined control sequence.
l.56 \rfoot{\color
                  {color2}\thepage}
? 
./defs.tex:56: Undefined control sequence.
l.56 \rfoot{\color{color2}\thepage
                                  }
? 

./defs.tex:57: LaTeX Error: \headrulewidth undefined.

See the LaTeX manual or LaTeX Companion for explanation.
Type  H <return>  for immediate help.
 ...                                              
                                                  
l.57 \renewcommand\headrulewidth
                                {0pt}
? 

./defs.tex:58: LaTeX Error: \footrulewidth undefined.

See the LaTeX manual or LaTeX Companion for explanation.
Type  H <return>  for immediate help.
 ...                                              
                                                  
l.58 \renewcommand\footrulewidth
                                {0pt}
? 

Overfull \hbox (50.29152pt too wide) in paragraph at lines 48--59
[]\OT1/cmr/bx/n/10 color2
 []


Overfull \hbox (3.83331pt too wide) in paragraph at lines 48--59
\OT1/cmr/bx/n/10 -
 []


Overfull \hbox (98.70782pt too wide) in paragraph at lines 48--59
\OT1/cmr/bx/n/10 0.5[]
 []


Overfull \hbox (41.04